<?xml version="1.0" encoding="UTF-8"?>
<!-- Generated by org.testng.reporters.JUnitXMLReporter -->
<testsuite ignored="0" hostname="LTIN593312" failures="0" tests="12" name="ChromeTest" time="57.233" errors="0" timestamp="2025-04-23T08:46:10 IST">
  <testcase classname="testCases.TC_01_SearchWebDev" name="searchWebDevCourse" time="9.894"/>
  <testcase classname="testCases.TC_02_LanguageLearning" name="searchLangLearn" time="10.641"/>
  <testcase classname="testCases.TC_01_SearchWebDev" name="clickEnglishCheckBox" time="1.391"/>
  <testcase classname="testCases.TC_02_LanguageLearning" name="CheckLanguagesList" time="5.089"/>
  <testcase classname="testCases.TC_02_LanguageLearning" name="checkLevelsList" time="0.155"/>
  <testcase classname="testCases.TC_01_SearchWebDev" name="clickBeginnerCheckBox" time="5.344"/>
  <testcase classname="testCases.TC_03_ReadyToTransform" name="goToForCampus" time="15.176"/>
  <testcase classname="testCases.TC_01_SearchWebDev" name="checkCourseNames" time="2.384"/>
  <testcase classname="testCases.TC_01_SearchWebDev" name="checkCourseRatings" time="0.347"/>
  <testcase classname="testCases.TC_01_SearchWebDev" name="checkCourseDuration" time="0.355"/>
  <testcase classname="testCases.TC_01_SearchWebDev" name="goToHome" time="5.824"/>
  <testcase classname="testCases.TC_03_ReadyToTransform" name="fillForm" time="7.58"/>
</testsuite> <!-- ChromeTest -->
