<?xml version="1.0" encoding="UTF-8"?>
<!-- Generated by org.testng.reporters.JUnitXMLReporter -->
<testsuite ignored="0" hostname="LTIN593312" failures="0" tests="12" name="EdgeTest" time="122.788" errors="0" timestamp="2025-04-18T16:08:01 IST">
  <testcase classname="testCases.TC_03_ReadyToTransform" name="goToForCampus" time="12.586"/>
  <testcase classname="testCases.TC_02_LanguageLearning" name="searchLangLearn" time="10.328"/>
  <testcase classname="testCases.TC_01_SearchWebDev" name="searchWebDevCourse" time="4.929"/>
  <testcase classname="testCases.TC_02_LanguageLearning" name="CheckLanguagesList" time="0.821"/>
  <testcase classname="testCases.TC_01_SearchWebDev" name="clickEnglishCheckBox" time="2.257"/>
  <testcase classname="testCases.TC_03_ReadyToTransform" name="fillForm" time="3.281"/>
  <testcase classname="testCases.TC_02_LanguageLearning" name="checkLevelsList" time="0.172"/>
  <testcase classname="testCases.TC_01_SearchWebDev" name="clickBeginnerCheckBox" time="0.482"/>
  <testcase classname="testCases.TC_01_SearchWebDev" name="checkCourseNames" time="2.16"/>
  <testcase classname="testCases.TC_01_SearchWebDev" name="checkCourseRatings" time="0.167"/>
  <testcase classname="testCases.TC_01_SearchWebDev" name="checkCourseDuration" time="0.157"/>
  <testcase classname="testCases.TC_01_SearchWebDev" name="goToHome" time="3.088"/>
</testsuite> <!-- EdgeTest -->
