<?xml version="1.0" encoding="UTF-8"?>
<!-- Generated by org.testng.reporters.JUnitXMLReporter -->
<testsuite ignored="0" hostname="LTIN593312" failures="0" tests="12" name="FirefoxTest" time="109.991" errors="0" timestamp="2025-04-18T16:07:49 IST">
  <testcase classname="testCases.TC_03_ReadyToTransform" name="goToForCampus" time="3.933"/>
  <testcase classname="testCases.TC_02_LanguageLearning" name="searchLangLearn" time="4.313"/>
  <testcase classname="testCases.TC_01_SearchWebDev" name="searchWebDevCourse" time="4.824"/>
  <testcase classname="testCases.TC_02_LanguageLearning" name="CheckLanguagesList" time="1.891"/>
  <testcase classname="testCases.TC_01_SearchWebDev" name="clickEnglishCheckBox" time="2.794"/>
  <testcase classname="testCases.TC_03_ReadyToTransform" name="fillForm" time="4.079"/>
  <testcase classname="testCases.TC_02_LanguageLearning" name="checkLevelsList" time="0.066"/>
  <testcase classname="testCases.TC_01_SearchWebDev" name="clickBeginnerCheckBox" time="0.648"/>
  <testcase classname="testCases.TC_01_SearchWebDev" name="checkCourseNames" time="2.145"/>
  <testcase classname="testCases.TC_01_SearchWebDev" name="checkCourseRatings" time="0.243"/>
  <testcase classname="testCases.TC_01_SearchWebDev" name="checkCourseDuration" time="0.183"/>
  <testcase classname="testCases.TC_01_SearchWebDev" name="goToHome" time="1.531"/>
</testsuite> <!-- FirefoxTest -->
