<?xml version="1.0" encoding="UTF-8"?>
<!-- Generated by org.testng.reporters.JUnitXMLReporter -->
<testsuite ignored="0" hostname="LTIN593312" failures="0" tests="12" name="Test" time="77.612" errors="0" timestamp="2025-04-18T12:09:45 IST">
  <testcase classname="testCases.TC_01_SearchWebDev" name="searchWebDevCourse" time="7.011"/>
  <testcase classname="testCases.TC_01_SearchWebDev" name="clickEnglishCheckBox" time="1.982"/>
  <testcase classname="testCases.TC_01_SearchWebDev" name="clickBeginnerCheckBox" time="0.742"/>
  <testcase classname="testCases.TC_01_SearchWebDev" name="checkCourseNames" time="2.333"/>
  <testcase classname="testCases.TC_01_SearchWebDev" name="checkCourseRatings" time="0.227"/>
  <testcase classname="testCases.TC_01_SearchWebDev" name="checkCourseDuration" time="0.25"/>
  <testcase classname="testCases.TC_01_SearchWebDev" name="goToHome" time="5.205"/>
  <testcase classname="testCases.TC_02_LanguageLearning" name="searchLangLearn" time="6.764"/>
  <testcase classname="testCases.TC_02_LanguageLearning" name="CheckLanguagesList" time="2.594"/>
  <testcase classname="testCases.TC_02_LanguageLearning" name="checkLevelsList" time="0.147"/>
  <testcase classname="testCases.TC_03_ReadyToTransform" name="goToForCampus" time="8.279"/>
  <testcase classname="testCases.TC_03_ReadyToTransform" name="fillForm" time="4.06"/>
</testsuite> <!-- Test -->
