<?xml version="1.0" encoding="UTF-8"?>
<!-- Generated by org.testng.reporters.JUnitXMLReporter -->
<testsuite ignored="2" hostname="LTIN593312" failures="0" tests="10" name="ChromeTest" time="46.637" errors="0" timestamp="2025-04-18T14:41:39 IST">
  <testcase classname="testCases.TC_01_SearchWebDev" name="searchWebDevCourse" time="5.334"/>
  <testcase classname="testCases.TC_01_SearchWebDev" name="clickEnglishCheckBox" time="0.401"/>
  <testcase classname="testCases.TC_01_SearchWebDev" name="clickBeginnerCheckBox" time="0.248"/>
  <testcase classname="testCases.TC_01_SearchWebDev" name="checkCourseNames" time="2.266"/>
  <testcase classname="testCases.TC_01_SearchWebDev" name="checkCourseRatings" time="0.196"/>
  <testcase classname="testCases.TC_01_SearchWebDev" name="checkCourseDuration" time="0.175"/>
  <testcase classname="testCases.TC_01_SearchWebDev" name="goToHome" time="4.984"/>
  <testcase classname="testCases.TC_02_LanguageLearning" name="searchLangLearn" time="5.046"/>
  <testcase classname="testCases.TC_02_LanguageLearning" name="CheckLanguagesList" time="1.984"/>
  <testcase classname="testCases.TC_02_LanguageLearning" name="checkLevelsList" time="0.057"/>
  <testcase classname="testCases.TC_03_ReadyToTransform" name="fillForm" time="0.0">
    <ignored/>
  </testcase> <!-- fillForm -->
  <testcase classname="testCases.TC_03_ReadyToTransform" name="goToForCampus" time="0.0">
    <ignored/>
  </testcase> <!-- goToForCampus -->
</testsuite> <!-- ChromeTest -->
