<?xml version="1.0" encoding="UTF-8"?>
<testsuite xmlns:xsi="http://www.w3.org/2001/XMLSchema-instance" xsi:noNamespaceSchemaLocation="https://maven.apache.org/surefire/maven-surefire-plugin/xsd/surefire-test-report.xsd" version="3.0.2" name="TestSuite" time="48.621" tests="10" errors="0" skipped="0" failures="0">
  <properties>
[...]
</properties>
  <testcase name="searchWebDevCourse" classname="testCases.TC_01_SearchWebDev" time="5.346">
    <system-err><![CDATA[SLF4J(W): No SLF4J providers were found.
SLF4J(W): Defaulting to no-operation (NOP) logger implementation
SLF4J(W): See https://www.slf4j.org/codes.html#noProviders for further details.
Apr 18, 2025 2:40:57 PM org.openqa.selenium.devtools.CdpVersionFinder findNearestMatch
WARNING: Unable to find an exact match for CDP version 134, returning the closest version; found: 133; Please update to a Selenium version that supports CDP version 134
]]></system-err>
  </testcase>
  <testcase name="clickEnglishCheckBox" classname="testCases.TC_01_SearchWebDev" time="0.401"/>
  <testcase name="clickBeginnerCheckBox" classname="testCases.TC_01_SearchWebDev" time="0.25"/>
  <testcase name="checkCourseNames" classname="testCases.TC_01_SearchWebDev" time="2.266">
    <system-out><![CDATA[Meta Front-End Developer
Web Design for Everybody: Basics of Web Development & Coding
Introduction to Web Development
Fundamentals of Web Development
Python for Data Science, AI & Development
IBM Front-End Developer
Meta Back-End Developer
Web Development for Beginners
Introduction to Agile Development and Scrum
IBM Full Stack Software Developer
Meta iOS Developer
Introduction to Web Development with HTML, CSS, JavaScript
]]></system-out>
  </testcase>
  <testcase name="checkCourseRatings" classname="testCases.TC_01_SearchWebDev" time="0.196">
    <system-out><![CDATA[4.7
4.7
4.7
4.6
4.6
4.6
4.6
4.7
4.9
4.6
4.6
4.6
]]></system-out>
  </testcase>
  <testcase name="checkCourseDuration" classname="testCases.TC_01_SearchWebDev" time="0.176">
    <system-out><![CDATA[Beginner · Professional Certificate · 3 - 6 Months
Beginner · Specialization · 3 - 6 Months
Beginner · Course · 1 - 4 Weeks
Beginner · Course · 1 - 3 Months
Beginner · Course · 1 - 3 Months
Beginner · Professional Certificate · 3 - 6 Months
Beginner · Professional Certificate · 3 - 6 Months
Beginner · Specialization · 3 - 6 Months
Beginner · Course · 1 - 4 Weeks
Beginner · Professional Certificate · 3 - 6 Months
Beginner · Professional Certificate · 3 - 6 Months
Beginner · Course · 1 - 3 Months
]]></system-out>
  </testcase>
  <testcase name="goToHome" classname="testCases.TC_01_SearchWebDev" time="4.986"/>
  <testcase name="searchLangLearn" classname="testCases.TC_02_LanguageLearning" time="5.047">
    <system-err><![CDATA[Apr 18, 2025 2:41:25 PM org.openqa.selenium.devtools.CdpVersionFinder findNearestMatch
WARNING: Unable to find an exact match for CDP version 134, returning the closest version; found: 133; Please update to a Selenium version that supports CDP version 134
]]></system-err>
  </testcase>
  <testcase name="CheckLanguagesList" classname="testCases.TC_02_LanguageLearning" time="1.984">
    <system-out><![CDATA[English(5,321)
Spanish(2,650)
French(2,413)
Arabic(2,406)
Portuguese (Brazil)(2,404)
Chinese (China)(2,380)
German(2,342)
Indonesian(2,324)
Japanese(2,313)
Russian(2,309)
Hindi(2,259)
Korean(2,226)
Turkish(2,182)
Italian(2,165)
Ukrainian(2,164)
Thai(2,146)
Polish(2,143)
Dutch(2,142)
Greek(2,141)
Swedish(2,141)
Kazakh(1,956)
Hungarian(1,371)
Vietnamese(503)
Azerbaijani(475)
Pushto(234)
Chinese (Traditional)(44)
Hebrew(7)
Catalan(1)
Croatian(1)
]]></system-out>
  </testcase>
  <testcase name="checkLevelsList" classname="testCases.TC_02_LanguageLearning" time="0.058">
    <system-out><![CDATA[Beginner(3,050)
Intermediate(2,432)
Advanced(257)
Mixed(482)
]]></system-out>
  </testcase>
</testsuite>