<?xml version="1.0" encoding="UTF-8"?>
<testng-results ignored="0" total="12" passed="12" failed="0" skipped="0">
  <reporter-output>
  </reporter-output>
  <suite started-at="2025-04-23T08:45:11 IST" name="Suite" finished-at="2025-04-23T08:46:08 IST" duration-ms="57233">
    <groups>
      <group name="form">
        <method signature="TC_03_ReadyToTransform.fillForm([Ljava.lang.String;)[pri:2, instance:testCases.TC_03_ReadyToTransform@38afe297]" name="fillForm" class="testCases.TC_03_ReadyToTransform"/>
      </group> <!-- form -->
      <group name="ui">
        <method signature="TC_03_ReadyToTransform.goToForCampus()[pri:1, instance:testCases.TC_03_ReadyToTransform@38afe297]" name="goToForCampus" class="testCases.TC_03_ReadyToTransform"/>
      </group> <!-- ui -->
      <group name="regression">
        <method signature="TC_01_SearchWebDev.searchWebDevCourse(java.lang.String,java.lang.String)[pri:1, instance:testCases.TC_01_SearchWebDev@7d20d0b]" name="searchWebDevCourse" class="testCases.TC_01_SearchWebDev"/>
        <method signature="TC_02_LanguageLearning.searchLangLearn(java.lang.String,java.lang.String)[pri:1, instance:testCases.TC_02_LanguageLearning@55b0dcab]" name="searchLangLearn" class="testCases.TC_02_LanguageLearning"/>
        <method signature="TC_03_ReadyToTransform.goToForCampus()[pri:1, instance:testCases.TC_03_ReadyToTransform@38afe297]" name="goToForCampus" class="testCases.TC_03_ReadyToTransform"/>
        <method signature="TC_01_SearchWebDev.clickEnglishCheckBox()[pri:2, instance:testCases.TC_01_SearchWebDev@7d20d0b]" name="clickEnglishCheckBox" class="testCases.TC_01_SearchWebDev"/>
        <method signature="TC_02_LanguageLearning.CheckLanguagesList()[pri:2, instance:testCases.TC_02_LanguageLearning@55b0dcab]" name="CheckLanguagesList" class="testCases.TC_02_LanguageLearning"/>
        <method signature="TC_03_ReadyToTransform.fillForm([Ljava.lang.String;)[pri:2, instance:testCases.TC_03_ReadyToTransform@38afe297]" name="fillForm" class="testCases.TC_03_ReadyToTransform"/>
        <method signature="TC_01_SearchWebDev.clickBeginnerCheckBox()[pri:3, instance:testCases.TC_01_SearchWebDev@7d20d0b]" name="clickBeginnerCheckBox" class="testCases.TC_01_SearchWebDev"/>
        <method signature="TC_02_LanguageLearning.checkLevelsList()[pri:3, instance:testCases.TC_02_LanguageLearning@55b0dcab]" name="checkLevelsList" class="testCases.TC_02_LanguageLearning"/>
        <method signature="TC_01_SearchWebDev.checkCourseNames()[pri:4, instance:testCases.TC_01_SearchWebDev@7d20d0b]" name="checkCourseNames" class="testCases.TC_01_SearchWebDev"/>
        <method signature="TC_01_SearchWebDev.checkCourseRatings()[pri:5, instance:testCases.TC_01_SearchWebDev@7d20d0b]" name="checkCourseRatings" class="testCases.TC_01_SearchWebDev"/>
        <method signature="TC_01_SearchWebDev.checkCourseDuration()[pri:6, instance:testCases.TC_01_SearchWebDev@7d20d0b]" name="checkCourseDuration" class="testCases.TC_01_SearchWebDev"/>
        <method signature="TC_01_SearchWebDev.goToHome()[pri:7, instance:testCases.TC_01_SearchWebDev@7d20d0b]" name="goToHome" class="testCases.TC_01_SearchWebDev"/>
      </group> <!-- regression -->
      <group name="smoke">
        <method signature="TC_01_SearchWebDev.searchWebDevCourse(java.lang.String,java.lang.String)[pri:1, instance:testCases.TC_01_SearchWebDev@7d20d0b]" name="searchWebDevCourse" class="testCases.TC_01_SearchWebDev"/>
        <method signature="TC_02_LanguageLearning.searchLangLearn(java.lang.String,java.lang.String)[pri:1, instance:testCases.TC_02_LanguageLearning@55b0dcab]" name="searchLangLearn" class="testCases.TC_02_LanguageLearning"/>
      </group> <!-- smoke -->
    </groups>
    <test started-at="2025-04-23T08:45:11 IST" name="ChromeTest" finished-at="2025-04-23T08:46:08 IST" duration-ms="57233">
      <class name="testCases.TC_01_SearchWebDev">
        <test-method is-config="true" signature="setUp(java.lang.String,java.lang.String,org.testng.ITestContext)[pri:0, instance:testCases.TC_01_SearchWebDev@7d20d0b]" started-at="2025-04-23T08:45:12 IST" name="setUp" finished-at="2025-04-23T08:45:30 IST" duration-ms="17798" status="PASS">
          <params>
            <param index="0">
              <value>
                <![CDATA[chrome]]>
              </value>
            </param>
            <param index="1">
              <value>
                <![CDATA[windows]]>
              </value>
            </param>
            <param index="2">
              <value>
                <![CDATA[org.testng.TestRunner@5e8f9e2d]]>
              </value>
            </param>
          </params>
          <reporter-output>
          </reporter-output>
        </test-method> <!-- setUp -->
        <test-method is-config="true" signature="openTest()[pri:0, instance:testCases.TC_01_SearchWebDev@7d20d0b]" started-at="2025-04-23T08:45:30 IST" name="openTest" finished-at="2025-04-23T08:45:33 IST" duration-ms="3733" status="PASS">
          <reporter-output>
          </reporter-output>
        </test-method> <!-- openTest -->
        <test-method signature="searchWebDevCourse(java.lang.String,java.lang.String)[pri:1, instance:testCases.TC_01_SearchWebDev@7d20d0b]" started-at="2025-04-23T08:45:34 IST" name="searchWebDevCourse" data-provider="CourseData" finished-at="2025-04-23T08:45:43 IST" duration-ms="9894" status="PASS">
          <params>
            <param index="0">
              <value>
                <![CDATA[Web Development]]>
              </value>
            </param>
            <param index="1">
              <value>
                <![CDATA[Language Learning]]>
              </value>
            </param>
          </params>
          <reporter-output>
          </reporter-output>
        </test-method> <!-- searchWebDevCourse -->
        <test-method signature="clickEnglishCheckBox()[pri:2, instance:testCases.TC_01_SearchWebDev@7d20d0b]" started-at="2025-04-23T08:45:44 IST" name="clickEnglishCheckBox" finished-at="2025-04-23T08:45:45 IST" duration-ms="1391" status="PASS">
          <reporter-output>
          </reporter-output>
        </test-method> <!-- clickEnglishCheckBox -->
        <test-method signature="clickBeginnerCheckBox()[pri:3, instance:testCases.TC_01_SearchWebDev@7d20d0b]" started-at="2025-04-23T08:45:45 IST" name="clickBeginnerCheckBox" finished-at="2025-04-23T08:45:50 IST" duration-ms="5344" status="PASS">
          <reporter-output>
          </reporter-output>
        </test-method> <!-- clickBeginnerCheckBox -->
        <test-method signature="checkCourseNames()[pri:4, instance:testCases.TC_01_SearchWebDev@7d20d0b]" started-at="2025-04-23T08:45:50 IST" name="checkCourseNames" finished-at="2025-04-23T08:45:53 IST" duration-ms="2384" status="PASS">
          <reporter-output>
          </reporter-output>
        </test-method> <!-- checkCourseNames -->
        <test-method signature="checkCourseRatings()[pri:5, instance:testCases.TC_01_SearchWebDev@7d20d0b]" started-at="2025-04-23T08:45:53 IST" name="checkCourseRatings" finished-at="2025-04-23T08:45:53 IST" duration-ms="347" status="PASS">
          <reporter-output>
          </reporter-output>
        </test-method> <!-- checkCourseRatings -->
        <test-method signature="checkCourseDuration()[pri:6, instance:testCases.TC_01_SearchWebDev@7d20d0b]" started-at="2025-04-23T08:45:53 IST" name="checkCourseDuration" finished-at="2025-04-23T08:45:53 IST" duration-ms="355" status="PASS">
          <reporter-output>
          </reporter-output>
        </test-method> <!-- checkCourseDuration -->
        <test-method signature="goToHome()[pri:7, instance:testCases.TC_01_SearchWebDev@7d20d0b]" started-at="2025-04-23T08:45:53 IST" name="goToHome" finished-at="2025-04-23T08:45:59 IST" duration-ms="5824" status="PASS">
          <reporter-output>
          </reporter-output>
        </test-method> <!-- goToHome -->
        <test-method is-config="true" signature="tearDown()[pri:0, instance:testCases.TC_01_SearchWebDev@7d20d0b]" started-at="2025-04-23T08:45:59 IST" name="tearDown" finished-at="2025-04-23T08:46:08 IST" duration-ms="9254" status="PASS">
          <reporter-output>
          </reporter-output>
        </test-method> <!-- tearDown -->
      </class> <!-- testCases.TC_01_SearchWebDev -->
      <class name="testCases.TC_03_ReadyToTransform">
        <test-method is-config="true" signature="setUp(java.lang.String,java.lang.String,org.testng.ITestContext)[pri:0, instance:testCases.TC_03_ReadyToTransform@38afe297]" started-at="2025-04-23T08:45:12 IST" name="setUp" finished-at="2025-04-23T08:45:36 IST" duration-ms="24625" status="PASS">
          <params>
            <param index="0">
              <value>
                <![CDATA[chrome]]>
              </value>
            </param>
            <param index="1">
              <value>
                <![CDATA[windows]]>
              </value>
            </param>
            <param index="2">
              <value>
                <![CDATA[org.testng.TestRunner@5e8f9e2d]]>
              </value>
            </param>
          </params>
          <reporter-output>
          </reporter-output>
        </test-method> <!-- setUp -->
        <test-method is-config="true" signature="openTest()[pri:0, instance:testCases.TC_03_ReadyToTransform@38afe297]" started-at="2025-04-23T08:45:36 IST" name="openTest" finished-at="2025-04-23T08:45:37 IST" duration-ms="188" status="PASS">
          <reporter-output>
          </reporter-output>
        </test-method> <!-- openTest -->
        <test-method signature="goToForCampus()[pri:1, instance:testCases.TC_03_ReadyToTransform@38afe297]" started-at="2025-04-23T08:45:37 IST" name="goToForCampus" finished-at="2025-04-23T08:45:52 IST" duration-ms="15176" status="PASS">
          <reporter-output>
          </reporter-output>
        </test-method> <!-- goToForCampus -->
        <test-method signature="fillForm([Ljava.lang.String;)[pri:2, instance:testCases.TC_03_ReadyToTransform@38afe297]" started-at="2025-04-23T08:45:52 IST" name="fillForm" data-provider="FormData" finished-at="2025-04-23T08:46:00 IST" duration-ms="7580" status="PASS">
          <params>
            <param index="0">
              <value>
                <![CDATA[[Ljava.lang.String;@61526469]]>
              </value>
            </param>
          </params>
          <reporter-output>
          </reporter-output>
        </test-method> <!-- fillForm -->
        <test-method is-config="true" signature="tearDown()[pri:0, instance:testCases.TC_03_ReadyToTransform@38afe297]" started-at="2025-04-23T08:46:00 IST" name="tearDown" finished-at="2025-04-23T08:46:08 IST" duration-ms="8279" status="PASS">
          <reporter-output>
          </reporter-output>
        </test-method> <!-- tearDown -->
      </class> <!-- testCases.TC_03_ReadyToTransform -->
      <class name="testCases.TC_02_LanguageLearning">
        <test-method is-config="true" signature="setUp(java.lang.String,java.lang.String,org.testng.ITestContext)[pri:0, instance:testCases.TC_02_LanguageLearning@55b0dcab]" started-at="2025-04-23T08:45:12 IST" name="setUp" finished-at="2025-04-23T08:45:32 IST" duration-ms="20514" status="PASS">
          <params>
            <param index="0">
              <value>
                <![CDATA[chrome]]>
              </value>
            </param>
            <param index="1">
              <value>
                <![CDATA[windows]]>
              </value>
            </param>
            <param index="2">
              <value>
                <![CDATA[org.testng.TestRunner@5e8f9e2d]]>
              </value>
            </param>
          </params>
          <reporter-output>
          </reporter-output>
        </test-method> <!-- setUp -->
        <test-method is-config="true" signature="openTest()[pri:0, instance:testCases.TC_02_LanguageLearning@55b0dcab]" started-at="2025-04-23T08:45:32 IST" name="openTest" finished-at="2025-04-23T08:45:33 IST" duration-ms="261" status="PASS">
          <reporter-output>
          </reporter-output>
        </test-method> <!-- openTest -->
        <test-method signature="searchLangLearn(java.lang.String,java.lang.String)[pri:1, instance:testCases.TC_02_LanguageLearning@55b0dcab]" started-at="2025-04-23T08:45:33 IST" name="searchLangLearn" data-provider="CourseData" finished-at="2025-04-23T08:45:44 IST" duration-ms="10641" status="PASS">
          <params>
            <param index="0">
              <value>
                <![CDATA[Web Development]]>
              </value>
            </param>
            <param index="1">
              <value>
                <![CDATA[Language Learning]]>
              </value>
            </param>
          </params>
          <reporter-output>
          </reporter-output>
        </test-method> <!-- searchLangLearn -->
        <test-method signature="CheckLanguagesList()[pri:2, instance:testCases.TC_02_LanguageLearning@55b0dcab]" started-at="2025-04-23T08:45:44 IST" name="CheckLanguagesList" finished-at="2025-04-23T08:45:49 IST" duration-ms="5089" status="PASS">
          <reporter-output>
          </reporter-output>
        </test-method> <!-- CheckLanguagesList -->
        <test-method signature="checkLevelsList()[pri:3, instance:testCases.TC_02_LanguageLearning@55b0dcab]" started-at="2025-04-23T08:45:49 IST" name="checkLevelsList" finished-at="2025-04-23T08:45:49 IST" duration-ms="155" status="PASS">
          <reporter-output>
          </reporter-output>
        </test-method> <!-- checkLevelsList -->
        <test-method is-config="true" signature="tearDown()[pri:0, instance:testCases.TC_02_LanguageLearning@55b0dcab]" started-at="2025-04-23T08:45:49 IST" name="tearDown" finished-at="2025-04-23T08:46:05 IST" duration-ms="16542" status="PASS">
          <reporter-output>
          </reporter-output>
        </test-method> <!-- tearDown -->
      </class> <!-- testCases.TC_02_LanguageLearning -->
    </test> <!-- ChromeTest -->
  </suite> <!-- Suite -->
</testng-results>
